Arguments: 
  C:\Program Files\nodejs\node.exe C:\Program Files (x86)\Yarn\bin\yarn.js

PATH: 
  C:\WINDOWS\system32;C:\WINDOWS;C:\WINDOWS\System32\Wbem;C:\WINDOWS\System32\WindowsPowerShell\v1.0\;C:\Program Files (x86)\ATI Technologies\ATI.ACE\Core-Static;C:\Program Files (x86)\NVIDIA Corporation\PhysX\Common;C:\Users\Yoan\AppData\Roaming\nvm;C:\Program Files\nodejs;C:\Users\Yoan\AppData\Local\Microsoft\WindowsApps;C:\Users\Yoan\AppData\Roaming\npm;C:\Users\Yoan\AppData\Local\Yarn\bin;C:\Program Files\Microsoft VS Code\bin;C:\Program Files\Docker Toolbox;C:\Users\Yoan\AppData\Local\Google\Cloud SDK\google-cloud-sdk\bin;C:\Users\Yoan\Documents\WindowsPowerShell\Scripts;C:\Program Files (x86)\Kubernetes\Minikube;C:\Program Files (x86)\Windows Kits\8.1\Windows Performance Toolkit\;C:\Program Files\MySQL\MySQL Server 5.7\bin;C:\Program Files\PHP;C:\minikube\minikube.exe;C:\Program Files (x86)\AMD\ATI.ACE\Core-Static;C:\WINDOWS\system32;C:\WINDOWS;C:\WINDOWS\System32\Wbem;C:\WINDOWS\System32\WindowsPowerShell\v1.0\;C:\WINDOWS\System32\OpenSSH\;C:\ProgramData\ComposerSetup\bin;C:\Program Files\PuTTY\;C:\Program Files (x86)\GnuWin32\bin;C:\Program Files (x86)\Yarn\bin\;C:\sqlite;C:\Program Files\Git\cmd;C:\Ruby25-x64\bin;C:\Users\Yoan\.windows-build-tools\python27\;C:\Users\Yoan\AppData\Roaming\npm\node_modules\npm\node_modules\npm-lifecycle\node-gyp-bin;C:\Users\Yoan\AppData\Roaming\npm\node_modules\windows-build-tools\node_modules\.bin;C:\Users\Yoan\AppData\Roaming\npm\node_modules\.bin;C:\WINDOWS\system32;C:\WINDOWS;C:\WINDOWS\System32\Wbem;C:\WINDOWS\System32\WindowsPowerShell\v1.0\;C:\Program Files (x86)\ATI Technologies\ATI.ACE\Core-Static;C:\Program Files (x86)\NVIDIA Corporation\PhysX\Common;C:\Users\Yoan\AppData\Roaming\nvm;C:\Program Files\nodejs;C:\Users\Yoan\AppData\Local\Microsoft\WindowsApps;C:\Users\Yoan\AppData\Roaming\npm;C:\Program Files\Microsoft VS Code\bin;C:\Program Files\Docker Toolbox;C:\Users\Yoan\AppData\Local\Google\Cloud SDK\google-cloud-sdk\bin;C:\Users\Yoan\Documents\WindowsPowerShell\Scripts;C:\Program Files (x86)\Kubernetes\Minikube;C:\Program Files (x86)\Windows Kits\8.1\Windows Performance Toolkit\;C:\Program Files\MySQL\MySQL Server 5.7\bin;C:\Program Files\PHP;C:\Program Files (x86)\composer;C:\minikube\minikube.exe;C:\Program Files (x86)\AMD\ATI.ACE\Core-Static;C:\WINDOWS\system32;C:\WINDOWS;C:\WINDOWS\System32\Wbem;C:\WINDOWS\System32\WindowsPowerShell\v1.0\;C:\WINDOWS\System32\OpenSSH\;C:\Program Files (x86)\Yarn\bin\;C:\Program Files\Git\cmd;C:\Users\Yoan\AppData\Roaming\Composer\vendor\bin;C:\Users\Yoan\AppData\Local\GitHubDesktop\bin;C:\nomad;C:\Users\Yoan\AppData\Local\hyper\app-2.0.0\resources\bin;C:\Program Files\heroku\bin;C:\Users\Yoan\AppData\Local\Programs\Microsoft VS Code\bin;C:\Users\Yoan\AppData\Local\now-cli;C:\Users\Yoan\AppData\Local\Yarn\bin;C:\nw;

Yarn version: 
  1.12.3

Node version: 
  10.3.0

Platform: 
  win32 x64

Trace: 
  Error: ENOENT: no such file or directory, copyfile 'C:\Users\Yoan\AppData\Local\Yarn\Cache\v4\npm-eslint-loader-2.1.1-2a9251523652430bfdd643efdb0afc1a2a89546a\node_modules\eslint-loader\package.json' -> 'C:\Users\Yoan\Documents\v-invoice\node_modules\@vue\cli-plugin-eslint\node_modules\eslint-loader\package.json'

npm manifest: 
  {
    "name": "hello-world",
    "version": "0.1.0",
    "private": true,
    "scripts": {
      "serve": "vue-cli-service serve",
      "build": "vue-cli-service build --target lib --name my-lib ./src/index.js",
      "lint": "vue-cli-service lint",
      "test:unit": "vue-cli-service test:unit",
      "docs:dev": "vuepress dev docs",
      "docs:build": "vuepress build docs"
    },
    "dependencies": {
      "vue": "^2.5.17"
    },
    "devDependencies": {
      "@vue/cli-plugin-babel": "^3.2.0",
      "@vue/cli-plugin-eslint": "^3.2.0",
      "@vue/cli-plugin-unit-jest": "^3.2.0",
      "@vue/cli-service": "^3.2.0",
      "@vue/eslint-config-standard": "^4.0.0",
      "@vue/test-utils": "^1.0.0-beta.20",
      "babel-core": "7.0.0-bridge.0",
      "babel-eslint": "^10.0.1",
      "babel-jest": "^23.6.0",
      "eslint": "^5.8.0",
      "eslint-plugin-vue": "^5.0.0-0",
      "node-sass": "^4.9.0",
      "sass-loader": "^7.0.1",
      "vue-template-compiler": "^2.5.17"
    }
  }

yarn manifest: 
  No manifest

Lockfile: 
  No lockfile
